<?xml version="1.0" encoding="UTF-8"?>
<testng-results ignored="0" total="1" passed="1" failed="0" skipped="0">
  <reporter-output>
    <line>
      <![CDATA[TestA...agra]]>
    </line>
  </reporter-output>
  <suite started-at="2024-04-25T03:11:24 GMT-04:00" name="Suite" finished-at="2024-04-25T03:11:25 GMT-04:00" duration-ms="63">
    <groups>
    </groups>
    <test started-at="2024-04-25T03:11:24 GMT-04:00" name="Test" finished-at="2024-04-25T03:11:25 GMT-04:00" duration-ms="63">
      <class name="day20.Demo1">
        <test-method signature="testA(java.lang.String)[pri:0, instance:day20.Demo1@483f6d77]" started-at="2024-04-25T03:11:25 GMT-04:00" name="testA" finished-at="2024-04-25T03:11:25 GMT-04:00" duration-ms="9" status="PASS">
          <params>
            <param index="0">
              <value>
                <![CDATA[agra]]>
              </value>
            </param>
          </params>
          <reporter-output>
            <line>
              <![CDATA[TestA...agra]]>
            </line>
          </reporter-output>
        </test-method> <!-- testA -->
      </class> <!-- day20.Demo1 -->
    </test> <!-- Test -->
  </suite> <!-- Suite -->
</testng-results>
